Using pre-set license
Built from '2021.2/staging' branch; Version is '2021.2.11f1 (e50cafbb4399) revision 15010991'; Using compiler version '192829333'; Build Type 'Release'
OS: 'Windows 10  (10.0.19043) 64bit Professional' Language: 'ko' Physical Memory: 16121 MB
BatchMode: 1, IsHumanControllingUs: 0, StartBugReporterOnCrash: 0, Is64bit: 1, IsPro: 0

COMMAND LINE ARGUMENTS:
C:\Program Files\Unity\Hub\Editor\2021.2.11f1\Editor\Unity.exe
-adb2
-batchMode
-noUpm
-name
AssetImportWorker0
-projectPath
C:/Users/swcgo/Desktop/Unity_Projects/Parring Master
-logFile
Logs/AssetImportWorker0.log
-srvPort
61472
Successfully changed project path to: C:/Users/swcgo/Desktop/Unity_Projects/Parring Master
C:/Users/swcgo/Desktop/Unity_Projects/Parring Master
[UnityMemory] Configuration Parameters - Can be set up in boot.config
    "memorysetup-bucket-allocator-granularity=16"
    "memorysetup-bucket-allocator-bucket-count=8"
    "memorysetup-bucket-allocator-block-size=33554432"
    "memorysetup-bucket-allocator-block-count=8"
    "memorysetup-main-allocator-block-size=16777216"
    "memorysetup-thread-allocator-block-size=16777216"
    "memorysetup-gfx-main-allocator-block-size=16777216"
    "memorysetup-gfx-thread-allocator-block-size=16777216"
    "memorysetup-cache-allocator-block-size=4194304"
    "memorysetup-typetree-allocator-block-size=2097152"
    "memorysetup-profiler-bucket-allocator-granularity=16"
    "memorysetup-profiler-bucket-allocator-bucket-count=8"
    "memorysetup-profiler-bucket-allocator-block-size=33554432"
    "memorysetup-profiler-bucket-allocator-block-count=8"
    "memorysetup-profiler-allocator-block-size=16777216"
    "memorysetup-profiler-editor-allocator-block-size=1048576"
    "memorysetup-temp-allocator-size-main=16777216"
    "memorysetup-job-temp-allocator-block-size=2097152"
    "memorysetup-job-temp-allocator-block-size-background=1048576"
    "memorysetup-job-temp-allocator-reduction-small-platforms=262144"
    "memorysetup-temp-allocator-size-background-worker=32768"
    "memorysetup-temp-allocator-size-job-worker=262144"
    "memorysetup-temp-allocator-size-preload-manager=33554432"
    "memorysetup-temp-allocator-size-nav-mesh-worker=65536"
    "memorysetup-temp-allocator-size-audio-worker=65536"
    "memorysetup-temp-allocator-size-cloud-worker=32768"
    "memorysetup-temp-allocator-size-gi-baking-worker=262144"
    "memorysetup-temp-allocator-size-gfx=262144"
Refreshing native plugins compatible for Editor in 81.92 ms, found 3 plugins.
Preloading 0 native plugins for Editor in 0.00 ms.
Initialize engine version: 2021.2.11f1 (e50cafbb4399)
[Subsystems] Discovering subsystems at path C:/Program Files/Unity/Hub/Editor/2021.2.11f1/Editor/Data/Resources/UnitySubsystems
[Subsystems] Discovering subsystems at path C:/Users/swcgo/Desktop/Unity_Projects/Parring Master/Assets
GfxDevice: creating device client; threaded=0; jobified=0
Direct3D:
    Version:  Direct3D 11.0 [level 11.1]
    Renderer: NVIDIA GeForce RTX 3050 Ti Laptop GPU (ID=0x25a0)
    Vendor:   NVIDIA
    VRAM:     3990 MB
    Driver:   30.0.14.7212
Initialize mono
Mono path[0] = 'C:/Program Files/Unity/Hub/Editor/2021.2.11f1/Editor/Data/Managed'
Mono path[1] = 'C:/Program Files/Unity/Hub/Editor/2021.2.11f1/Editor/Data/MonoBleedingEdge/lib/mono/unityjit-win32'
Mono config path = 'C:/Program Files/Unity/Hub/Editor/2021.2.11f1/Editor/Data/MonoBleedingEdge/etc'
Using monoOptions --debugger-agent=transport=dt_socket,embedding=1,server=y,suspend=n,address=127.0.0.1:56280
Begin MonoManager ReloadAssembly
Registering precompiled unity dll's ...
Register platform support module: C:/Program Files/Unity/Hub/Editor/2021.2.11f1/Editor/Data/PlaybackEngines/WindowsStandaloneSupport/UnityEditor.WindowsStandalone.Extensions.dll
Registered in 0.004705 seconds.
Native extension for WindowsStandalone target not found
Refreshing native plugins compatible for Editor in 62.46 ms, found 3 plugins.
Preloading 0 native plugins for Editor in 0.00 ms.
Mono: successfully reloaded assembly
- Completed reload, in  0.505 seconds
Domain Reload Profiling:
	ReloadAssembly (506ms)
		BeginReloadAssembly (71ms)
			ExecutionOrderSort (0ms)
			DisableScriptedObjects (0ms)
			BackupInstance (0ms)
			ReleaseScriptingObjects (0ms)
			CreateAndSetChildDomain (1ms)
		EndReloadAssembly (366ms)
			LoadAssemblies (68ms)
			RebuildTransferFunctionScriptingTraits (0ms)
			SetupTypeCache (85ms)
			ReleaseScriptCaches (0ms)
			RebuildScriptCaches (22ms)
			SetupLoadedEditorAssemblies (208ms)
				LogAssemblyErrors (0ms)
				InitializePlatformSupportModulesInManaged (12ms)
				SetLoadedEditorAssemblies (0ms)
				RefreshPlugins (63ms)
				BeforeProcessingInitializeOnLoad (1ms)
				ProcessInitializeOnLoadAttributes (94ms)
				ProcessInitializeOnLoadMethodAttributes (38ms)
				AfterProcessingInitializeOnLoad (0ms)
				EditorAssembliesLoaded (0ms)
			ExecutionOrderSort2 (0ms)
			AwakeInstancesAfterBackupRestoration (0ms)
Platform modules already initialized, skipping
Registering precompiled user dll's ...
Registered in 0.004442 seconds.
Begin MonoManager ReloadAssembly
Native extension for WindowsStandalone target not found
Refreshing native plugins compatible for Editor in 60.83 ms, found 3 plugins.
Preloading 0 native plugins for Editor in 0.00 ms.
Mono: successfully reloaded assembly
- Completed reload, in  1.164 seconds
Domain Reload Profiling:
	ReloadAssembly (1165ms)
		BeginReloadAssembly (95ms)
			ExecutionOrderSort (0ms)
			DisableScriptedObjects (5ms)
			BackupInstance (0ms)
			ReleaseScriptingObjects (0ms)
			CreateAndSetChildDomain (20ms)
		EndReloadAssembly (991ms)
			LoadAssemblies (65ms)
			RebuildTransferFunctionScriptingTraits (0ms)
			SetupTypeCache (155ms)
			ReleaseScriptCaches (0ms)
			RebuildScriptCaches (38ms)
			SetupLoadedEditorAssemblies (701ms)
				LogAssemblyErrors (0ms)
				InitializePlatformSupportModulesInManaged (9ms)
				SetLoadedEditorAssemblies (0ms)
				RefreshPlugins (61ms)
				BeforeProcessingInitializeOnLoad (59ms)
				ProcessInitializeOnLoadAttributes (536ms)
				ProcessInitializeOnLoadMethodAttributes (29ms)
				AfterProcessingInitializeOnLoad (6ms)
				EditorAssembliesLoaded (0ms)
			ExecutionOrderSort2 (0ms)
			AwakeInstancesAfterBackupRestoration (5ms)
Platform modules already initialized, skipping
========================================================================
Worker process is ready to serve import requests
Launched and connected shader compiler UnityShaderCompiler.exe after 0.04 seconds
Refreshing native plugins compatible for Editor in 1.26 ms, found 3 plugins.
Preloading 0 native plugins for Editor in 0.00 ms.
Unloading 2371 Unused Serialized files (Serialized files now loaded: 0)
Unloading 35 unused Assets / (56.4 KB). Loaded Objects now: 2834.
Memory consumption went from 113.6 MB to 113.5 MB.
Total: 3.593100 ms (FindLiveObjects: 0.211000 ms CreateObjectMapping: 0.095100 ms MarkObjects: 3.165800 ms  DeleteObjects: 0.120100 ms)

AssetImportParameters requested are different than current active one (requested -> active):
  custom:video-decoder-ogg-theora: a1e56fd34408186e4bbccfd4996cb3dc -> 
  custom:container-muxer-webm: aa71ff27fc2769a1b78a27578f13a17b -> 
  custom:container-demuxer-webm: 4f35f7cbe854078d1ac9338744f61a02 -> 
  custom:video-encoder-webm-vp8: eb34c28f22e8b96e1ab97ce403110664 -> 
  custom:audio-encoder-webm-vorbis: bf7c407c2cedff20999df2af8eb42d56 -> 
  custom:framework-win-MediaFoundation: 216162199b28c13a410421893ffa2e32 -> 
  custom:container-demuxer-ogg: 62fdf1f143b41e24485cea50d1cbac27 -> 
  custom:video-decoder-webm-vp8: 9c59270c3fd7afecdb556c50c9e8de78 -> 
  custom:audio-decoder-ogg-vorbis: bf7c407c2cedff20999df2af8eb42d56 -> 
========================================================================
Received Import Request.
  Time since last request: 173514.214487 seconds.
  path: Assets/01. Parring Master/03. Prefabs/Drop Weapon (2).prefab
  artifactKey: Guid(d68cdf7f8704db34f83141a99fa40e0a) Importer(815301076,1909f56bfc062723c751e8b465ee728b)
Start importing Assets/01. Parring Master/03. Prefabs/Drop Weapon (2).prefab using Guid(d68cdf7f8704db34f83141a99fa40e0a) Importer(815301076,1909f56bfc062723c751e8b465ee728b)  -> (artifact id: 'b358f9e004d4dc49c53974a6d4ab52c2') in 0.124163 seconds 
========================================================================
Received Prepare
Registering precompiled user dll's ...
Registered in 0.004353 seconds.
Begin MonoManager ReloadAssembly
Native extension for WindowsStandalone target not found
Refreshing native plugins compatible for Editor in 1.36 ms, found 3 plugins.
Preloading 0 native plugins for Editor in 0.00 ms.
Mono: successfully reloaded assembly
- Completed reload, in  0.872 seconds
Domain Reload Profiling:
	ReloadAssembly (872ms)
		BeginReloadAssembly (108ms)
			ExecutionOrderSort (0ms)
			DisableScriptedObjects (5ms)
			BackupInstance (0ms)
			ReleaseScriptingObjects (0ms)
			CreateAndSetChildDomain (36ms)
		EndReloadAssembly (691ms)
			LoadAssemblies (60ms)
			RebuildTransferFunctionScriptingTraits (0ms)
			SetupTypeCache (171ms)
			ReleaseScriptCaches (2ms)
			RebuildScriptCaches (52ms)
			SetupLoadedEditorAssemblies (352ms)
				LogAssemblyErrors (0ms)
				InitializePlatformSupportModulesInManaged (12ms)
				SetLoadedEditorAssemblies (0ms)
				RefreshPlugins (1ms)
				BeforeProcessingInitializeOnLoad (57ms)
				ProcessInitializeOnLoadAttributes (246ms)
				ProcessInitializeOnLoadMethodAttributes (28ms)
				AfterProcessingInitializeOnLoad (7ms)
				EditorAssembliesLoaded (0ms)
			ExecutionOrderSort2 (0ms)
			AwakeInstancesAfterBackupRestoration (7ms)
Platform modules already initialized, skipping
Switching build target platform(19) subTarget(0) extendedPlatform(0) -> platform(13) subTarget(0) extendedPlatform(0)
Refreshing native plugins compatible for Editor in 1.42 ms, found 3 plugins.
Preloading 0 native plugins for Editor in 0.00 ms.
Unloading 2364 Unused Serialized files (Serialized files now loaded: 0)
Unloading 24 unused Assets / (31.9 KB). Loaded Objects now: 2842.
Memory consumption went from 117.0 MB to 116.9 MB.
Total: 2.894600 ms (FindLiveObjects: 0.241600 ms CreateObjectMapping: 0.080300 ms MarkObjects: 2.555600 ms  DeleteObjects: 0.016000 ms)

AssetImportParameters requested are different than current active one (requested -> active):
  custom:video-decoder-ogg-theora: a1e56fd34408186e4bbccfd4996cb3dc -> 
  custom:container-muxer-webm: aa71ff27fc2769a1b78a27578f13a17b -> 
  custom:container-demuxer-webm: 4f35f7cbe854078d1ac9338744f61a02 -> 
  custom:video-encoder-webm-vp8: eb34c28f22e8b96e1ab97ce403110664 -> 
  custom:audio-encoder-webm-vorbis: bf7c407c2cedff20999df2af8eb42d56 -> 
  custom:framework-win-MediaFoundation: 216162199b28c13a410421893ffa2e32 -> 
  custom:container-demuxer-ogg: 62fdf1f143b41e24485cea50d1cbac27 -> 
  custom:video-decoder-webm-vp8: 9c59270c3fd7afecdb556c50c9e8de78 -> 
  custom:audio-decoder-ogg-vorbis: bf7c407c2cedff20999df2af8eb42d56 -> 
========================================================================
Received Import Request.
  Time since last request: 71.041146 seconds.
  path: Assets/01. Parring Master/03. Prefabs/Drop Weapon (2).prefab
  artifactKey: Guid(d68cdf7f8704db34f83141a99fa40e0a) Importer(815301076,1909f56bfc062723c751e8b465ee728b)
Start importing Assets/01. Parring Master/03. Prefabs/Drop Weapon (2).prefab using Guid(d68cdf7f8704db34f83141a99fa40e0a) Importer(815301076,1909f56bfc062723c751e8b465ee728b)  -> (artifact id: 'c2b50683d43a84da96a6318d6d5a2953') in 0.077451 seconds 
========================================================================
Received Import Request.
  Time since last request: 7.144273 seconds.
  path: Assets/01. Parring Master/Resources/Weapons/256_weapon.png
  artifactKey: Guid(7749a7c034632c84681c74d6ac52cc3a) Importer(815301076,1909f56bfc062723c751e8b465ee728b)
Start importing Assets/01. Parring Master/Resources/Weapons/256_weapon.png using Guid(7749a7c034632c84681c74d6ac52cc3a) Importer(815301076,1909f56bfc062723c751e8b465ee728b)  -> (artifact id: '5a8802bd9b93b7d65d1bd6b4e63bdf66') in 0.187420 seconds 
========================================================================
Received Prepare
Registering precompiled user dll's ...
Registered in 0.005535 seconds.
Begin MonoManager ReloadAssembly
Native extension for WindowsStandalone target not found
Refreshing native plugins compatible for Editor in 1.30 ms, found 3 plugins.
Preloading 0 native plugins for Editor in 0.00 ms.
Mono: successfully reloaded assembly
- Completed reload, in  0.879 seconds
Domain Reload Profiling:
	ReloadAssembly (880ms)
		BeginReloadAssembly (104ms)
			ExecutionOrderSort (0ms)
			DisableScriptedObjects (4ms)
			BackupInstance (0ms)
			ReleaseScriptingObjects (0ms)
			CreateAndSetChildDomain (33ms)
		EndReloadAssembly (699ms)
			LoadAssemblies (59ms)
			RebuildTransferFunctionScriptingTraits (0ms)
			SetupTypeCache (153ms)
			ReleaseScriptCaches (2ms)
			RebuildScriptCaches (49ms)
			SetupLoadedEditorAssemblies (358ms)
				LogAssemblyErrors (0ms)
				InitializePlatformSupportModulesInManaged (10ms)
				SetLoadedEditorAssemblies (0ms)
				RefreshPlugins (1ms)
				BeforeProcessingInitializeOnLoad (59ms)
				ProcessInitializeOnLoadAttributes (249ms)
				ProcessInitializeOnLoadMethodAttributes (31ms)
				AfterProcessingInitializeOnLoad (6ms)
				EditorAssembliesLoaded (0ms)
			ExecutionOrderSort2 (0ms)
			AwakeInstancesAfterBackupRestoration (13ms)
Platform modules already initialized, skipping
Switching build target platform(19) subTarget(0) extendedPlatform(0) -> platform(13) subTarget(0) extendedPlatform(0)
Refreshing native plugins compatible for Editor in 1.51 ms, found 3 plugins.
Preloading 0 native plugins for Editor in 0.00 ms.
Unloading 2365 Unused Serialized files (Serialized files now loaded: 0)
Unloading 24 unused Assets / (34.2 KB). Loaded Objects now: 2917.
Memory consumption went from 124.7 MB to 124.6 MB.
Total: 3.039100 ms (FindLiveObjects: 0.232300 ms CreateObjectMapping: 0.063300 ms MarkObjects: 2.722800 ms  DeleteObjects: 0.019600 ms)

AssetImportParameters requested are different than current active one (requested -> active):
  custom:video-decoder-ogg-theora: a1e56fd34408186e4bbccfd4996cb3dc -> 
  custom:container-muxer-webm: aa71ff27fc2769a1b78a27578f13a17b -> 
  custom:container-demuxer-webm: 4f35f7cbe854078d1ac9338744f61a02 -> 
  custom:video-encoder-webm-vp8: eb34c28f22e8b96e1ab97ce403110664 -> 
  custom:audio-encoder-webm-vorbis: bf7c407c2cedff20999df2af8eb42d56 -> 
  custom:framework-win-MediaFoundation: 216162199b28c13a410421893ffa2e32 -> 
  custom:container-demuxer-ogg: 62fdf1f143b41e24485cea50d1cbac27 -> 
  custom:video-decoder-webm-vp8: 9c59270c3fd7afecdb556c50c9e8de78 -> 
  custom:audio-decoder-ogg-vorbis: bf7c407c2cedff20999df2af8eb42d56 -> 
========================================================================
Received Import Request.
  Time since last request: 12.204647 seconds.
  path: Assets/01. Parring Master/03. Prefabs/Drop Weapon (2).prefab
  artifactKey: Guid(d68cdf7f8704db34f83141a99fa40e0a) Importer(815301076,1909f56bfc062723c751e8b465ee728b)
Start importing Assets/01. Parring Master/03. Prefabs/Drop Weapon (2).prefab using Guid(d68cdf7f8704db34f83141a99fa40e0a) Importer(815301076,1909f56bfc062723c751e8b465ee728b)  -> (artifact id: '0fe0f8d10517d4be7e54ae9465e8bca9') in 0.056671 seconds 
========================================================================
Received Prepare
Registering precompiled user dll's ...
Registered in 0.005566 seconds.
Begin MonoManager ReloadAssembly
Native extension for WindowsStandalone target not found
Refreshing native plugins compatible for Editor in 1.14 ms, found 3 plugins.
Preloading 0 native plugins for Editor in 0.00 ms.
Mono: successfully reloaded assembly
- Completed reload, in  0.853 seconds
Domain Reload Profiling:
	ReloadAssembly (854ms)
		BeginReloadAssembly (100ms)
			ExecutionOrderSort (0ms)
			DisableScriptedObjects (5ms)
			BackupInstance (0ms)
			ReleaseScriptingObjects (0ms)
			CreateAndSetChildDomain (32ms)
		EndReloadAssembly (681ms)
			LoadAssemblies (57ms)
			RebuildTransferFunctionScriptingTraits (0ms)
			SetupTypeCache (154ms)
			ReleaseScriptCaches (2ms)
			RebuildScriptCaches (43ms)
			SetupLoadedEditorAssemblies (355ms)
				LogAssemblyErrors (0ms)
				InitializePlatformSupportModulesInManaged (9ms)
				SetLoadedEditorAssemblies (0ms)
				RefreshPlugins (1ms)
				BeforeProcessingInitializeOnLoad (61ms)
				ProcessInitializeOnLoadAttributes (246ms)
				ProcessInitializeOnLoadMethodAttributes (31ms)
				AfterProcessingInitializeOnLoad (6ms)
				EditorAssembliesLoaded (0ms)
			ExecutionOrderSort2 (0ms)
			AwakeInstancesAfterBackupRestoration (11ms)
Platform modules already initialized, skipping
Switching build target platform(19) subTarget(0) extendedPlatform(0) -> platform(13) subTarget(0) extendedPlatform(0)
Refreshing native plugins compatible for Editor in 1.32 ms, found 3 plugins.
Preloading 0 native plugins for Editor in 0.00 ms.
Unloading 2364 Unused Serialized files (Serialized files now loaded: 0)
Unloading 24 unused Assets / (31.9 KB). Loaded Objects now: 2919.
Memory consumption went from 124.6 MB to 124.6 MB.
Total: 2.886700 ms (FindLiveObjects: 0.231800 ms CreateObjectMapping: 0.073700 ms MarkObjects: 2.561900 ms  DeleteObjects: 0.018300 ms)

AssetImportParameters requested are different than current active one (requested -> active):
  custom:video-decoder-ogg-theora: a1e56fd34408186e4bbccfd4996cb3dc -> 
  custom:container-muxer-webm: aa71ff27fc2769a1b78a27578f13a17b -> 
  custom:container-demuxer-webm: 4f35f7cbe854078d1ac9338744f61a02 -> 
  custom:video-encoder-webm-vp8: eb34c28f22e8b96e1ab97ce403110664 -> 
  custom:audio-encoder-webm-vorbis: bf7c407c2cedff20999df2af8eb42d56 -> 
  custom:framework-win-MediaFoundation: 216162199b28c13a410421893ffa2e32 -> 
  custom:container-demuxer-ogg: 62fdf1f143b41e24485cea50d1cbac27 -> 
  custom:video-decoder-webm-vp8: 9c59270c3fd7afecdb556c50c9e8de78 -> 
  custom:audio-decoder-ogg-vorbis: bf7c407c2cedff20999df2af8eb42d56 -> 
========================================================================
Received Prepare
Registering precompiled user dll's ...
Registered in 0.005278 seconds.
Begin MonoManager ReloadAssembly
Native extension for WindowsStandalone target not found
Refreshing native plugins compatible for Editor in 1.38 ms, found 3 plugins.
Preloading 0 native plugins for Editor in 0.00 ms.
Mono: successfully reloaded assembly
- Completed reload, in  0.903 seconds
Domain Reload Profiling:
	ReloadAssembly (903ms)
		BeginReloadAssembly (108ms)
			ExecutionOrderSort (0ms)
			DisableScriptedObjects (6ms)
			BackupInstance (0ms)
			ReleaseScriptingObjects (0ms)
			CreateAndSetChildDomain (35ms)
		EndReloadAssembly (717ms)
			LoadAssemblies (64ms)
			RebuildTransferFunctionScriptingTraits (0ms)
			SetupTypeCache (171ms)
			ReleaseScriptCaches (2ms)
			RebuildScriptCaches (53ms)
			SetupLoadedEditorAssemblies (352ms)
				LogAssemblyErrors (0ms)
				InitializePlatformSupportModulesInManaged (11ms)
				SetLoadedEditorAssemblies (0ms)
				RefreshPlugins (1ms)
				BeforeProcessingInitializeOnLoad (53ms)
				ProcessInitializeOnLoadAttributes (250ms)
				ProcessInitializeOnLoadMethodAttributes (31ms)
				AfterProcessingInitializeOnLoad (5ms)
				EditorAssembliesLoaded (0ms)
			ExecutionOrderSort2 (0ms)
			AwakeInstancesAfterBackupRestoration (11ms)
Platform modules already initialized, skipping
Switching build target platform(19) subTarget(0) extendedPlatform(0) -> platform(13) subTarget(0) extendedPlatform(0)
Refreshing native plugins compatible for Editor in 1.43 ms, found 3 plugins.
Preloading 0 native plugins for Editor in 0.00 ms.
Unloading 2364 Unused Serialized files (Serialized files now loaded: 0)
Unloading 24 unused Assets / (31.9 KB). Loaded Objects now: 2921.
Memory consumption went from 124.6 MB to 124.6 MB.
Total: 4.526300 ms (FindLiveObjects: 0.324600 ms CreateObjectMapping: 0.083000 ms MarkObjects: 4.093800 ms  DeleteObjects: 0.023400 ms)

AssetImportParameters requested are different than current active one (requested -> active):
  custom:video-decoder-ogg-theora: a1e56fd34408186e4bbccfd4996cb3dc -> 
  custom:container-muxer-webm: aa71ff27fc2769a1b78a27578f13a17b -> 
  custom:container-demuxer-webm: 4f35f7cbe854078d1ac9338744f61a02 -> 
  custom:video-encoder-webm-vp8: eb34c28f22e8b96e1ab97ce403110664 -> 
  custom:audio-encoder-webm-vorbis: bf7c407c2cedff20999df2af8eb42d56 -> 
  custom:framework-win-MediaFoundation: 216162199b28c13a410421893ffa2e32 -> 
  custom:container-demuxer-ogg: 62fdf1f143b41e24485cea50d1cbac27 -> 
  custom:video-decoder-webm-vp8: 9c59270c3fd7afecdb556c50c9e8de78 -> 
  custom:audio-decoder-ogg-vorbis: bf7c407c2cedff20999df2af8eb42d56 -> 
========================================================================
Received Import Request.
  Time since last request: 231.346140 seconds.
  path: Assets/01. Parring Master/03. Prefabs/Drop Weapon (2).prefab
  artifactKey: Guid(d68cdf7f8704db34f83141a99fa40e0a) Importer(815301076,1909f56bfc062723c751e8b465ee728b)
Start importing Assets/01. Parring Master/03. Prefabs/Drop Weapon (2).prefab using Guid(d68cdf7f8704db34f83141a99fa40e0a) Importer(815301076,1909f56bfc062723c751e8b465ee728b)  -> (artifact id: '451d9068cf81cf472272aa3c786d8202') in 0.058985 seconds 
========================================================================
Received Prepare
Registering precompiled user dll's ...
Registered in 0.004744 seconds.
Begin MonoManager ReloadAssembly
Native extension for WindowsStandalone target not found
Refreshing native plugins compatible for Editor in 1.12 ms, found 3 plugins.
Preloading 0 native plugins for Editor in 0.00 ms.
Mono: successfully reloaded assembly
- Completed reload, in  0.900 seconds
Domain Reload Profiling:
	ReloadAssembly (901ms)
		BeginReloadAssembly (111ms)
			ExecutionOrderSort (0ms)
			DisableScriptedObjects (5ms)
			BackupInstance (0ms)
			ReleaseScriptingObjects (0ms)
			CreateAndSetChildDomain (38ms)
		EndReloadAssembly (717ms)
			LoadAssemblies (64ms)
			RebuildTransferFunctionScriptingTraits (0ms)
			SetupTypeCache (164ms)
			ReleaseScriptCaches (2ms)
			RebuildScriptCaches (47ms)
			SetupLoadedEditorAssemblies (359ms)
				LogAssemblyErrors (0ms)
				InitializePlatformSupportModulesInManaged (11ms)
				SetLoadedEditorAssemblies (0ms)
				RefreshPlugins (1ms)
				BeforeProcessingInitializeOnLoad (57ms)
				ProcessInitializeOnLoadAttributes (254ms)
				ProcessInitializeOnLoadMethodAttributes (28ms)
				AfterProcessingInitializeOnLoad (7ms)
				EditorAssembliesLoaded (0ms)
			ExecutionOrderSort2 (0ms)
			AwakeInstancesAfterBackupRestoration (11ms)
Platform modules already initialized, skipping
Switching build target platform(19) subTarget(0) extendedPlatform(0) -> platform(13) subTarget(0) extendedPlatform(0)
Refreshing native plugins compatible for Editor in 1.16 ms, found 3 plugins.
Preloading 0 native plugins for Editor in 0.00 ms.
Unloading 2364 Unused Serialized files (Serialized files now loaded: 0)
Unloading 24 unused Assets / (31.9 KB). Loaded Objects now: 2923.
Memory consumption went from 124.5 MB to 124.5 MB.
Total: 4.124100 ms (FindLiveObjects: 0.343300 ms CreateObjectMapping: 0.108500 ms MarkObjects: 3.649100 ms  DeleteObjects: 0.021700 ms)

AssetImportParameters requested are different than current active one (requested -> active):
  custom:video-decoder-ogg-theora: a1e56fd34408186e4bbccfd4996cb3dc -> 
  custom:container-muxer-webm: aa71ff27fc2769a1b78a27578f13a17b -> 
  custom:container-demuxer-webm: 4f35f7cbe854078d1ac9338744f61a02 -> 
  custom:video-encoder-webm-vp8: eb34c28f22e8b96e1ab97ce403110664 -> 
  custom:audio-encoder-webm-vorbis: bf7c407c2cedff20999df2af8eb42d56 -> 
  custom:framework-win-MediaFoundation: 216162199b28c13a410421893ffa2e32 -> 
  custom:container-demuxer-ogg: 62fdf1f143b41e24485cea50d1cbac27 -> 
  custom:video-decoder-webm-vp8: 9c59270c3fd7afecdb556c50c9e8de78 -> 
  custom:audio-decoder-ogg-vorbis: bf7c407c2cedff20999df2af8eb42d56 -> 
========================================================================
Received Import Request.
  Time since last request: 1080.538380 seconds.
  path: Assets/01. Parring Master/06. Animations/Weapon/Halberd  2h/Halberd 2h.controller
  artifactKey: Guid(9778d46e0522a5c44acd60373b3aa227) Importer(815301076,1909f56bfc062723c751e8b465ee728b)
Start importing Assets/01. Parring Master/06. Animations/Weapon/Halberd  2h/Halberd 2h.controller using Guid(9778d46e0522a5c44acd60373b3aa227) Importer(815301076,1909f56bfc062723c751e8b465ee728b)  -> (artifact id: 'f5c00cf0dfa04a3234df9ec28069fb6e') in 0.023575 seconds 
========================================================================
Received Import Request.
  Time since last request: 6.151484 seconds.
  path: Assets/01. Parring Master/06. Animations/Weapon/Halberd  2h/Attack
  artifactKey: Guid(8c49369d1df9b80479fa95a82de23a1d) Importer(815301076,1909f56bfc062723c751e8b465ee728b)
Start importing Assets/01. Parring Master/06. Animations/Weapon/Halberd  2h/Attack using Guid(8c49369d1df9b80479fa95a82de23a1d) Importer(815301076,1909f56bfc062723c751e8b465ee728b)  -> (artifact id: '7f2c0b093ecd66ba33b61f6a60e47e3c') in 0.006533 seconds 
========================================================================
Received Import Request.
  Time since last request: 1.489516 seconds.
  path: Assets/01. Parring Master/06. Animations/Weapon/Halberd  2h/@Halberd 2h Loot Mode.anim
  artifactKey: Guid(9d6b489e3bdcf1345b00d58ae8d62156) Importer(815301076,1909f56bfc062723c751e8b465ee728b)
Start importing Assets/01. Parring Master/06. Animations/Weapon/Halberd  2h/@Halberd 2h Loot Mode.anim using Guid(9d6b489e3bdcf1345b00d58ae8d62156) Importer(815301076,1909f56bfc062723c751e8b465ee728b)  -> (artifact id: '68fb9620bae44e51f5124506858a7666') in 0.007731 seconds 
========================================================================
Received Import Request.
  Time since last request: 0.242426 seconds.
  path: Assets/01. Parring Master/06. Animations/Weapon/Halberd  2h/@Halberd 2h Move.anim
  artifactKey: Guid(5a00a4a701f5dae42857a739a42104a2) Importer(815301076,1909f56bfc062723c751e8b465ee728b)
Start importing Assets/01. Parring Master/06. Animations/Weapon/Halberd  2h/@Halberd 2h Move.anim using Guid(5a00a4a701f5dae42857a739a42104a2) Importer(815301076,1909f56bfc062723c751e8b465ee728b)  -> (artifact id: '7fe5460681b7ead0e64e0e04ca8e5b09') in 0.006740 seconds 
========================================================================
Received Import Request.
  Time since last request: 0.322181 seconds.
  path: Assets/01. Parring Master/06. Animations/Weapon/Halberd  2h/@Halberd 2h Cancel.anim
  artifactKey: Guid(0212d88f7ad868942a65d4575b0f59a4) Importer(815301076,1909f56bfc062723c751e8b465ee728b)
Start importing Assets/01. Parring Master/06. Animations/Weapon/Halberd  2h/@Halberd 2h Cancel.anim using Guid(0212d88f7ad868942a65d4575b0f59a4) Importer(815301076,1909f56bfc062723c751e8b465ee728b)  -> (artifact id: '019e32e249790aa68dad2bdca473e5ac') in 0.006805 seconds 
========================================================================
Received Import Request.
  Time since last request: 7.298084 seconds.
  path: Assets/01. Parring Master/06. Animations/Weapon/Halberd  2h/@Halberd 2h Guard.anim
  artifactKey: Guid(ee8aa5ed7f7e21745bf166f919a73e14) Importer(815301076,1909f56bfc062723c751e8b465ee728b)
Start importing Assets/01. Parring Master/06. Animations/Weapon/Halberd  2h/@Halberd 2h Guard.anim using Guid(ee8aa5ed7f7e21745bf166f919a73e14) Importer(815301076,1909f56bfc062723c751e8b465ee728b)  -> (artifact id: '7cfac704471285ce3040e47be95f6416') in 0.006077 seconds 
========================================================================
Received Import Request.
  Time since last request: 3.145221 seconds.
  path: Assets/01. Parring Master/06. Animations/Weapon/Espadon 2h/Espadon 2h.controller
  artifactKey: Guid(9b9aa11db39e4f446ad116f9a3e364ae) Importer(815301076,1909f56bfc062723c751e8b465ee728b)
Start importing Assets/01. Parring Master/06. Animations/Weapon/Espadon 2h/Espadon 2h.controller using Guid(9b9aa11db39e4f446ad116f9a3e364ae) Importer(815301076,1909f56bfc062723c751e8b465ee728b)  -> (artifact id: 'fb43bc4a2198245142507f45faf20d8e') in 0.010404 seconds 
========================================================================
Received Import Request.
  Time since last request: 6.238705 seconds.
  path: Assets/01. Parring Master/06. Animations/Weapon/Weapon Base/Weapon Base.controller
  artifactKey: Guid(79950e5166513784f85c6dacaaf30729) Importer(815301076,1909f56bfc062723c751e8b465ee728b)
Start importing Assets/01. Parring Master/06. Animations/Weapon/Weapon Base/Weapon Base.controller using Guid(79950e5166513784f85c6dacaaf30729) Importer(815301076,1909f56bfc062723c751e8b465ee728b)  -> (artifact id: '534f5f2816d68ecbad5b7818b934036b') in 0.008384 seconds 
========================================================================
Received Import Request.
  Time since last request: 14.254967 seconds.
  path: Assets/01. Parring Master/06. Animations/Weapon/Weapon Base/Attack
  artifactKey: Guid(2ba43263c69308d4b8b541bf6468400e) Importer(815301076,1909f56bfc062723c751e8b465ee728b)
Start importing Assets/01. Parring Master/06. Animations/Weapon/Weapon Base/Attack using Guid(2ba43263c69308d4b8b541bf6468400e) Importer(815301076,1909f56bfc062723c751e8b465ee728b)  -> (artifact id: '4848ffc23402ea99864300e3ab7aded7') in 0.001842 seconds 
========================================================================
Received Import Request.
  Time since last request: 2.924738 seconds.
  path: Assets/01. Parring Master/06. Animations/Weapon/Weapon Base/Skill/@Weapon Base Skill Lv1.anim
  artifactKey: Guid(59dea4892dd11d340826e7b7cb408ca1) Importer(815301076,1909f56bfc062723c751e8b465ee728b)
Start importing Assets/01. Parring Master/06. Animations/Weapon/Weapon Base/Skill/@Weapon Base Skill Lv1.anim using Guid(59dea4892dd11d340826e7b7cb408ca1) Importer(815301076,1909f56bfc062723c751e8b465ee728b)  -> (artifact id: '761ecca72cc9cf2c38a30cd6c21fa3d4') in 0.006189 seconds 
========================================================================
Received Import Request.
  Time since last request: 0.759881 seconds.
  path: Assets/01. Parring Master/06. Animations/Weapon/Weapon Base/Skill/@Weapon Base Skill Lv2.anim
  artifactKey: Guid(1d143914873fa6147b9572e7ad20004a) Importer(815301076,1909f56bfc062723c751e8b465ee728b)
Start importing Assets/01. Parring Master/06. Animations/Weapon/Weapon Base/Skill/@Weapon Base Skill Lv2.anim using Guid(1d143914873fa6147b9572e7ad20004a) Importer(815301076,1909f56bfc062723c751e8b465ee728b)  -> (artifact id: '748f9853f31f0bddab95f91e19cd587d') in 0.006372 seconds 
========================================================================
Received Import Request.
  Time since last request: 0.320916 seconds.
  path: Assets/01. Parring Master/06. Animations/Weapon/Weapon Base/Skill/@Weapon Base Skill Lv3.anim
  artifactKey: Guid(231b5d9e99a126a4ba1e1c385ddf65c1) Importer(815301076,1909f56bfc062723c751e8b465ee728b)
Start importing Assets/01. Parring Master/06. Animations/Weapon/Weapon Base/Skill/@Weapon Base Skill Lv3.anim using Guid(231b5d9e99a126a4ba1e1c385ddf65c1) Importer(815301076,1909f56bfc062723c751e8b465ee728b)  -> (artifact id: '4c45480b09cc0e22ac2d6872b65e54b6') in 0.005633 seconds 
========================================================================
Received Import Request.
  Time since last request: 4.764549 seconds.
  path: Assets/01. Parring Master/06. Animations/Weapon/Weapon Base/Attack/@Weapon Base Attack 2.anim
  artifactKey: Guid(a14bf23ea755d914494cb3b2412edc97) Importer(815301076,1909f56bfc062723c751e8b465ee728b)
Start importing Assets/01. Parring Master/06. Animations/Weapon/Weapon Base/Attack/@Weapon Base Attack 2.anim using Guid(a14bf23ea755d914494cb3b2412edc97) Importer(815301076,1909f56bfc062723c751e8b465ee728b)  -> (artifact id: 'a431de1c9205b05d446064fe79ecdd11') in 0.006164 seconds 
========================================================================
Received Import Request.
  Time since last request: 0.354946 seconds.
  path: Assets/01. Parring Master/06. Animations/Weapon/Weapon Base/Attack/@Weapon Base Attack End.anim
  artifactKey: Guid(1f0b91d23ea2c414bb2771bb015eca88) Importer(815301076,1909f56bfc062723c751e8b465ee728b)
Start importing Assets/01. Parring Master/06. Animations/Weapon/Weapon Base/Attack/@Weapon Base Attack End.anim using Guid(1f0b91d23ea2c414bb2771bb015eca88) Importer(815301076,1909f56bfc062723c751e8b465ee728b)  -> (artifact id: '86db11dedc54ca3a986dc152b072de6e') in 0.006077 seconds 
========================================================================
Received Import Request.
  Time since last request: 0.537528 seconds.
  path: Assets/01. Parring Master/06. Animations/Weapon/Weapon Base/Attack/@Weapon Base Attack.anim
  artifactKey: Guid(6a5a7c6573293d541b70160cac5dcc15) Importer(815301076,1909f56bfc062723c751e8b465ee728b)
Start importing Assets/01. Parring Master/06. Animations/Weapon/Weapon Base/Attack/@Weapon Base Attack.anim using Guid(6a5a7c6573293d541b70160cac5dcc15) Importer(815301076,1909f56bfc062723c751e8b465ee728b)  -> (artifact id: 'a8ee03c6d830454a7aafd8ccb0c9944c') in 0.006935 seconds 
========================================================================
Received Import Request.
  Time since last request: 28.438088 seconds.
  path: Assets/01. Parring Master/06. Animations/Weapon/Weapon Base/New Animator Override Controller.overrideController
  artifactKey: Guid(255ccd41bb4d64d4bbb7ce399fc675fb) Importer(815301076,1909f56bfc062723c751e8b465ee728b)
Start importing Assets/01. Parring Master/06. Animations/Weapon/Weapon Base/New Animator Override Controller.overrideController using Guid(255ccd41bb4d64d4bbb7ce399fc675fb) Importer(815301076,1909f56bfc062723c751e8b465ee728b)  -> (artifact id: 'bea558158f1c1352a84dc822189d96d3') in 0.007565 seconds 
========================================================================
Received Import Request.
  Time since last request: 14.964151 seconds.
  path: Assets/01. Parring Master/06. Animations/Weapon/Weapon Base/Espadon 2H.overrideController
  artifactKey: Guid(255ccd41bb4d64d4bbb7ce399fc675fb) Importer(815301076,1909f56bfc062723c751e8b465ee728b)
Start importing Assets/01. Parring Master/06. Animations/Weapon/Weapon Base/Espadon 2H.overrideController using Guid(255ccd41bb4d64d4bbb7ce399fc675fb) Importer(815301076,1909f56bfc062723c751e8b465ee728b)  -> (artifact id: 'd1394dd30442e03be33da11e23633fb7') in 0.009893 seconds 
========================================================================
Received Import Request.
  Time since last request: 40.546599 seconds.
  path: Assets/01. Parring Master/06. Animations/Weapon/Weapon Base/@Weapon Base Guard.anim
  artifactKey: Guid(2342837c916a94240aac0b22aeba95c5) Importer(815301076,1909f56bfc062723c751e8b465ee728b)
Start importing Assets/01. Parring Master/06. Animations/Weapon/Weapon Base/@Weapon Base Guard.anim using Guid(2342837c916a94240aac0b22aeba95c5) Importer(815301076,1909f56bfc062723c751e8b465ee728b)  -> (artifact id: '6859a5e7886c6c7d07a4fdc838c18fec') in 0.006301 seconds 
========================================================================
Received Import Request.
  Time since last request: 0.383491 seconds.
  path: Assets/01. Parring Master/06. Animations/Weapon/Weapon Base/@Weapon Base Loot Mode.anim
  artifactKey: Guid(ba5c968e90df9fb488ddccba4e166933) Importer(815301076,1909f56bfc062723c751e8b465ee728b)
Start importing Assets/01. Parring Master/06. Animations/Weapon/Weapon Base/@Weapon Base Loot Mode.anim using Guid(ba5c968e90df9fb488ddccba4e166933) Importer(815301076,1909f56bfc062723c751e8b465ee728b)  -> (artifact id: 'd2b5ac66681e10df9cae571c033196a4') in 0.005962 seconds 
========================================================================
Received Import Request.
  Time since last request: 1.032881 seconds.
  path: Assets/01. Parring Master/06. Animations/Weapon/Weapon Base/@Weapon Base Move.anim
  artifactKey: Guid(913280d5a2e7d124396a31cbe247e98d) Importer(815301076,1909f56bfc062723c751e8b465ee728b)
Start importing Assets/01. Parring Master/06. Animations/Weapon/Weapon Base/@Weapon Base Move.anim using Guid(913280d5a2e7d124396a31cbe247e98d) Importer(815301076,1909f56bfc062723c751e8b465ee728b)  -> (artifact id: '2d7994bbe9e93da3d1df5cdabd0dc284') in 0.005923 seconds 
========================================================================
Received Import Request.
  Time since last request: 0.984065 seconds.
  path: Assets/01. Parring Master/06. Animations/Weapon/Weapon Base/@Weapon Base Cancel.anim
  artifactKey: Guid(5ab0b89f8a15fa3439af2fb6c84fae0a) Importer(815301076,1909f56bfc062723c751e8b465ee728b)
Start importing Assets/01. Parring Master/06. Animations/Weapon/Weapon Base/@Weapon Base Cancel.anim using Guid(5ab0b89f8a15fa3439af2fb6c84fae0a) Importer(815301076,1909f56bfc062723c751e8b465ee728b)  -> (artifact id: '6f27aa8cf93f21b5dd1ff4c60027bcf9') in 0.006370 seconds 
========================================================================
Received Import Request.
  Time since last request: 113.017113 seconds.
  path: Assets/01. Parring Master/06. Animations/Weapon/Weapon Base/Skill
  artifactKey: Guid(52f6d04930eb19245857b280c655dbe1) Importer(815301076,1909f56bfc062723c751e8b465ee728b)
Start importing Assets/01. Parring Master/06. Animations/Weapon/Weapon Base/Skill using Guid(52f6d04930eb19245857b280c655dbe1) Importer(815301076,1909f56bfc062723c751e8b465ee728b)  -> (artifact id: 'bb50b9e10abaad0fa683801238291973') in 0.006182 seconds 
========================================================================
Received Import Request.
  Time since last request: 19.705833 seconds.
  path: Assets/01. Parring Master/06. Animations/Weapon/Weapon Base/Weapon Base.controller
  artifactKey: Guid(79950e5166513784f85c6dacaaf30729) Importer(815301076,1909f56bfc062723c751e8b465ee728b)
Start importing Assets/01. Parring Master/06. Animations/Weapon/Weapon Base/Weapon Base.controller using Guid(79950e5166513784f85c6dacaaf30729) Importer(815301076,1909f56bfc062723c751e8b465ee728b)  -> (artifact id: '3058838e26e81fbbfc01f34493e310f1') in 0.005498 seconds 
========================================================================
Received Import Request.
  Time since last request: 163.368437 seconds.
  path: Assets/01. Parring Master/06. Animations/Weapon/Espadon 2h/Espadon 2H.overrideController
  artifactKey: Guid(255ccd41bb4d64d4bbb7ce399fc675fb) Importer(815301076,1909f56bfc062723c751e8b465ee728b)
Start importing Assets/01. Parring Master/06. Animations/Weapon/Espadon 2h/Espadon 2H.overrideController using Guid(255ccd41bb4d64d4bbb7ce399fc675fb) Importer(815301076,1909f56bfc062723c751e8b465ee728b)  -> (artifact id: '7c4f6c3a6158d124b6462fca31aaeb42') in 0.010475 seconds 
========================================================================
Received Prepare
Registering precompiled user dll's ...
Registered in 0.004407 seconds.
Begin MonoManager ReloadAssembly
Native extension for WindowsStandalone target not found
Refreshing native plugins compatible for Editor in 1.43 ms, found 3 plugins.
Preloading 0 native plugins for Editor in 0.00 ms.
Mono: successfully reloaded assembly
- Completed reload, in  0.888 seconds
Domain Reload Profiling:
	ReloadAssembly (888ms)
		BeginReloadAssembly (106ms)
			ExecutionOrderSort (0ms)
			DisableScriptedObjects (6ms)
			BackupInstance (0ms)
			ReleaseScriptingObjects (0ms)
			CreateAndSetChildDomain (32ms)
		EndReloadAssembly (707ms)
			LoadAssemblies (61ms)
			RebuildTransferFunctionScriptingTraits (0ms)
			SetupTypeCache (157ms)
			ReleaseScriptCaches (2ms)
			RebuildScriptCaches (43ms)
			SetupLoadedEditorAssemblies (356ms)
				LogAssemblyErrors (0ms)
				InitializePlatformSupportModulesInManaged (10ms)
				SetLoadedEditorAssemblies (0ms)
				RefreshPlugins (2ms)
				BeforeProcessingInitializeOnLoad (60ms)
				ProcessInitializeOnLoadAttributes (249ms)
				ProcessInitializeOnLoadMethodAttributes (28ms)
				AfterProcessingInitializeOnLoad (7ms)
				EditorAssembliesLoaded (0ms)
			ExecutionOrderSort2 (0ms)
			AwakeInstancesAfterBackupRestoration (12ms)
Platform modules already initialized, skipping
Switching build target platform(19) subTarget(0) extendedPlatform(0) -> platform(13) subTarget(0) extendedPlatform(0)
Refreshing native plugins compatible for Editor in 1.22 ms, found 3 plugins.
Preloading 0 native plugins for Editor in 0.00 ms.
Unloading 2364 Unused Serialized files (Serialized files now loaded: 0)
Unloading 24 unused Assets / (31.9 KB). Loaded Objects now: 2925.
Memory consumption went from 124.7 MB to 124.6 MB.
Total: 3.395800 ms (FindLiveObjects: 0.315900 ms CreateObjectMapping: 0.093400 ms MarkObjects: 2.966800 ms  DeleteObjects: 0.018400 ms)

AssetImportParameters requested are different than current active one (requested -> active):
  custom:video-decoder-ogg-theora: a1e56fd34408186e4bbccfd4996cb3dc -> 
  custom:container-muxer-webm: aa71ff27fc2769a1b78a27578f13a17b -> 
  custom:container-demuxer-webm: 4f35f7cbe854078d1ac9338744f61a02 -> 
  custom:video-encoder-webm-vp8: eb34c28f22e8b96e1ab97ce403110664 -> 
  custom:audio-encoder-webm-vorbis: bf7c407c2cedff20999df2af8eb42d56 -> 
  custom:framework-win-MediaFoundation: 216162199b28c13a410421893ffa2e32 -> 
  custom:container-demuxer-ogg: 62fdf1f143b41e24485cea50d1cbac27 -> 
  custom:video-decoder-webm-vp8: 9c59270c3fd7afecdb556c50c9e8de78 -> 
  custom:audio-decoder-ogg-vorbis: bf7c407c2cedff20999df2af8eb42d56 -> 
========================================================================
Received Import Request.
  Time since last request: 67.650571 seconds.
  path: Assets/01. Parring Master/06. Animations/Weapon/Weapon Base/Weapon Base.controller
  artifactKey: Guid(79950e5166513784f85c6dacaaf30729) Importer(815301076,1909f56bfc062723c751e8b465ee728b)
Start importing Assets/01. Parring Master/06. Animations/Weapon/Weapon Base/Weapon Base.controller using Guid(79950e5166513784f85c6dacaaf30729) Importer(815301076,1909f56bfc062723c751e8b465ee728b)  -> (artifact id: 'cb0e68f023d8437f0248e37a553dbc51') in 0.024677 seconds 
========================================================================
Received Import Request.
  Time since last request: 2.925253 seconds.
  path: Assets/01. Parring Master/06. Animations/Weapon/Espadon 2h/@Espadon 2h Guard.anim
  artifactKey: Guid(bade73e7ebdd6204c97fb6fac8915b45) Importer(815301076,1909f56bfc062723c751e8b465ee728b)
Start importing Assets/01. Parring Master/06. Animations/Weapon/Espadon 2h/@Espadon 2h Guard.anim using Guid(bade73e7ebdd6204c97fb6fac8915b45) Importer(815301076,1909f56bfc062723c751e8b465ee728b)  -> (artifact id: '3d1a061ecb15d84ac3d98c81450ef968') in 0.006602 seconds 
========================================================================
Received Import Request.
  Time since last request: 0.326412 seconds.
  path: Assets/01. Parring Master/06. Animations/Weapon/Espadon 2h/@Espadon 2h Move.anim
  artifactKey: Guid(859e88f5845cfb6489fb77ae6e71eace) Importer(815301076,1909f56bfc062723c751e8b465ee728b)
Start importing Assets/01. Parring Master/06. Animations/Weapon/Espadon 2h/@Espadon 2h Move.anim using Guid(859e88f5845cfb6489fb77ae6e71eace) Importer(815301076,1909f56bfc062723c751e8b465ee728b)  -> (artifact id: '760d5540e8612d86e890076943136fda') in 0.006915 seconds 
========================================================================
Received Import Request.
  Time since last request: 0.358771 seconds.
  path: Assets/01. Parring Master/06. Animations/Weapon/Espadon 2h/@Espadon Loot Mode.anim
  artifactKey: Guid(abe07b4e659cef34193294dba28cd40c) Importer(815301076,1909f56bfc062723c751e8b465ee728b)
Start importing Assets/01. Parring Master/06. Animations/Weapon/Espadon 2h/@Espadon Loot Mode.anim using Guid(abe07b4e659cef34193294dba28cd40c) Importer(815301076,1909f56bfc062723c751e8b465ee728b)  -> (artifact id: '2a0ec8803d8eb61201122ae4d214f482') in 0.006466 seconds 
========================================================================
Received Import Request.
  Time since last request: 0.243206 seconds.
  path: Assets/01. Parring Master/06. Animations/Weapon/Espadon 2h/@Espadon 2h Cancel.anim
  artifactKey: Guid(7d888f18399369c44a53fbb79f7e517e) Importer(815301076,1909f56bfc062723c751e8b465ee728b)
Start importing Assets/01. Parring Master/06. Animations/Weapon/Espadon 2h/@Espadon 2h Cancel.anim using Guid(7d888f18399369c44a53fbb79f7e517e) Importer(815301076,1909f56bfc062723c751e8b465ee728b)  -> (artifact id: '8c6ba956eb589103e3b1917a388c1ebd') in 0.005882 seconds 
========================================================================
Received Prepare
Registering precompiled user dll's ...
Registered in 0.005693 seconds.
Begin MonoManager ReloadAssembly
Native extension for WindowsStandalone target not found
Refreshing native plugins compatible for Editor in 1.18 ms, found 3 plugins.
Preloading 0 native plugins for Editor in 0.00 ms.
Mono: successfully reloaded assembly
- Completed reload, in  0.909 seconds
Domain Reload Profiling:
	ReloadAssembly (910ms)
		BeginReloadAssembly (105ms)
			ExecutionOrderSort (0ms)
			DisableScriptedObjects (6ms)
			BackupInstance (0ms)
			ReleaseScriptingObjects (0ms)
			CreateAndSetChildDomain (32ms)
		EndReloadAssembly (732ms)
			LoadAssemblies (61ms)
			RebuildTransferFunctionScriptingTraits (0ms)
			SetupTypeCache (171ms)
			ReleaseScriptCaches (2ms)
			RebuildScriptCaches (50ms)
			SetupLoadedEditorAssemblies (350ms)
				LogAssemblyErrors (0ms)
				InitializePlatformSupportModulesInManaged (10ms)
				SetLoadedEditorAssemblies (0ms)
				RefreshPlugins (1ms)
				BeforeProcessingInitializeOnLoad (54ms)
				ProcessInitializeOnLoadAttributes (250ms)
				ProcessInitializeOnLoadMethodAttributes (27ms)
				AfterProcessingInitializeOnLoad (7ms)
				EditorAssembliesLoaded (0ms)
			ExecutionOrderSort2 (0ms)
			AwakeInstancesAfterBackupRestoration (12ms)
Platform modules already initialized, skipping
Switching build target platform(19) subTarget(0) extendedPlatform(0) -> platform(13) subTarget(0) extendedPlatform(0)
Refreshing native plugins compatible for Editor in 1.14 ms, found 3 plugins.
Preloading 0 native plugins for Editor in 0.00 ms.
Unloading 2364 Unused Serialized files (Serialized files now loaded: 0)
Unloading 24 unused Assets / (31.9 KB). Loaded Objects now: 2927.
Memory consumption went from 125.2 MB to 125.2 MB.
Total: 3.179100 ms (FindLiveObjects: 0.245100 ms CreateObjectMapping: 0.070500 ms MarkObjects: 2.838500 ms  DeleteObjects: 0.023400 ms)

AssetImportParameters requested are different than current active one (requested -> active):
  custom:video-decoder-ogg-theora: a1e56fd34408186e4bbccfd4996cb3dc -> 
  custom:container-muxer-webm: aa71ff27fc2769a1b78a27578f13a17b -> 
  custom:container-demuxer-webm: 4f35f7cbe854078d1ac9338744f61a02 -> 
  custom:video-encoder-webm-vp8: eb34c28f22e8b96e1ab97ce403110664 -> 
  custom:audio-encoder-webm-vorbis: bf7c407c2cedff20999df2af8eb42d56 -> 
  custom:framework-win-MediaFoundation: 216162199b28c13a410421893ffa2e32 -> 
  custom:container-demuxer-ogg: 62fdf1f143b41e24485cea50d1cbac27 -> 
  custom:video-decoder-webm-vp8: 9c59270c3fd7afecdb556c50c9e8de78 -> 
  custom:audio-decoder-ogg-vorbis: bf7c407c2cedff20999df2af8eb42d56 -> 
========================================================================
Received Import Request.
  Time since last request: 65.206636 seconds.
  path: Assets/01. Parring Master/03. Prefabs/Drop Weapon (2).prefab
  artifactKey: Guid(d68cdf7f8704db34f83141a99fa40e0a) Importer(815301076,1909f56bfc062723c751e8b465ee728b)
Start importing Assets/01. Parring Master/03. Prefabs/Drop Weapon (2).prefab using Guid(d68cdf7f8704db34f83141a99fa40e0a) Importer(815301076,1909f56bfc062723c751e8b465ee728b)  -> (artifact id: 'de7dc6751ed1806a8b82a54d50e865c8') in 0.047661 seconds 
========================================================================
Received Import Request.
  Time since last request: 0.000017 seconds.
  path: Assets/01. Parring Master/03. Prefabs/Weapon.prefab
  artifactKey: Guid(49993c4733ca5d44cb03102db043e8f3) Importer(815301076,1909f56bfc062723c751e8b465ee728b)
Start importing Assets/01. Parring Master/03. Prefabs/Weapon.prefab using Guid(49993c4733ca5d44cb03102db043e8f3) Importer(815301076,1909f56bfc062723c751e8b465ee728b)  -> (artifact id: '21e8d20cb58abb16438147da22fab613') in 0.017009 seconds 
========================================================================
Received Prepare
Registering precompiled user dll's ...
Registered in 0.004184 seconds.
Begin MonoManager ReloadAssembly
Native extension for WindowsStandalone target not found
Refreshing native plugins compatible for Editor in 1.26 ms, found 3 plugins.
Preloading 0 native plugins for Editor in 0.00 ms.
Mono: successfully reloaded assembly
- Completed reload, in  0.918 seconds
Domain Reload Profiling:
	ReloadAssembly (918ms)
		BeginReloadAssembly (108ms)
			ExecutionOrderSort (0ms)
			DisableScriptedObjects (5ms)
			BackupInstance (0ms)
			ReleaseScriptingObjects (0ms)
			CreateAndSetChildDomain (32ms)
		EndReloadAssembly (727ms)
			LoadAssemblies (64ms)
			RebuildTransferFunctionScriptingTraits (0ms)
			SetupTypeCache (164ms)
			ReleaseScriptCaches (2ms)
			RebuildScriptCaches (44ms)
			SetupLoadedEditorAssemblies (356ms)
				LogAssemblyErrors (0ms)
				InitializePlatformSupportModulesInManaged (10ms)
				SetLoadedEditorAssemblies (0ms)
				RefreshPlugins (1ms)
				BeforeProcessingInitializeOnLoad (59ms)
				ProcessInitializeOnLoadAttributes (251ms)
				ProcessInitializeOnLoadMethodAttributes (27ms)
				AfterProcessingInitializeOnLoad (7ms)
				EditorAssembliesLoaded (0ms)
			ExecutionOrderSort2 (0ms)
			AwakeInstancesAfterBackupRestoration (10ms)
Platform modules already initialized, skipping
Switching build target platform(19) subTarget(0) extendedPlatform(0) -> platform(13) subTarget(0) extendedPlatform(0)
Refreshing native plugins compatible for Editor in 1.19 ms, found 3 plugins.
Preloading 0 native plugins for Editor in 0.00 ms.
Unloading 2364 Unused Serialized files (Serialized files now loaded: 0)
Unloading 24 unused Assets / (31.9 KB). Loaded Objects now: 2929.
Memory consumption went from 125.2 MB to 125.2 MB.
Total: 3.117900 ms (FindLiveObjects: 0.266800 ms CreateObjectMapping: 0.069800 ms MarkObjects: 2.757400 ms  DeleteObjects: 0.021700 ms)

AssetImportParameters requested are different than current active one (requested -> active):
  custom:video-decoder-ogg-theora: a1e56fd34408186e4bbccfd4996cb3dc -> 
  custom:container-muxer-webm: aa71ff27fc2769a1b78a27578f13a17b -> 
  custom:container-demuxer-webm: 4f35f7cbe854078d1ac9338744f61a02 -> 
  custom:video-encoder-webm-vp8: eb34c28f22e8b96e1ab97ce403110664 -> 
  custom:audio-encoder-webm-vorbis: bf7c407c2cedff20999df2af8eb42d56 -> 
  custom:framework-win-MediaFoundation: 216162199b28c13a410421893ffa2e32 -> 
  custom:container-demuxer-ogg: 62fdf1f143b41e24485cea50d1cbac27 -> 
  custom:video-decoder-webm-vp8: 9c59270c3fd7afecdb556c50c9e8de78 -> 
  custom:audio-decoder-ogg-vorbis: bf7c407c2cedff20999df2af8eb42d56 -> 
